{"name": "test_2", "status": "failed", "statusDetails": {"message": "AssertionError: assert 1 == 2", "trace": "self = <hhhh.test_h1.test_a.Test1 object at 0x0422A290>\n\n    @allure.story('用例Test1_test2')\n    def test_2(self):\n        a()\n        c()\n>       assert 1==2\nE       assert 1 == 2\n\ntest_h1\\test_a.py:16: AssertionError"}, "steps": [{"name": "步骤这是函数a", "status": "passed", "start": 1678462480449, "stop": 1678462480449}, {"name": "步骤这是函数c", "status": "passed", "start": 1678462480449, "stop": 1678462480449}], "attachments": [{"name": "stdout", "source": "78899c3a-0034-445d-a67a-dd651a3ee12d-attachment.txt", "type": "text/plain"}], "start": 1678462480448, "stop": 1678462480450, "uuid": "eaa13169-72d1-414b-a64b-39f5b900f134", "historyId": "0f21be7fd8a6fe7e63bb2f2f0204a0b4", "testCaseId": "c27aa112bba5300693a84182e017f52f", "fullName": "test_h1.test_a.Test1#test_2", "labels": [{"name": "feature", "value": "这是TEST1"}, {"name": "story", "value": "用例Test1_test2"}, {"name": "parentSuite", "value": "test_h1"}, {"name": "suite", "value": "test_a"}, {"name": "subSuite", "value": "Test1"}, {"name": "host", "value": "LAPTOP-DKSEFTG2"}, {"name": "thread", "value": "24168-MainThread"}, {"name": "framework", "value": "pytest"}, {"name": "language", "value": "cpython3"}, {"name": "package", "value": "test_h1.test_a"}]}